<?xml version="1.0" encoding="UTF-8"?>
<testsuite xmlns:xsi="http://www.w3.org/2001/XMLSchema-instance" xsi:noNamespaceSchemaLocation="https://maven.apache.org/surefire/maven-surefire-plugin/xsd/surefire-test-report.xsd" name="com.turnos.AppTest" time="0.012" tests="1" errors="0" skipped="0" failures="0">
  <properties>
    <property name="java.specification.version" value="22"/>
    <property name="sun.jnu.encoding" value="UTF-8"/>
    <property name="java.class.path" value="/Users/ivonne/Library/Mobile Documents/com~apple~CloudDocs/Archivos-Base/javaPruebas/Digitech/Trimestre3/ProyectoProgramacion/turnos/proyecto/target/test-classes:/Users/ivonne/Library/Mobile Documents/com~apple~CloudDocs/Archivos-Base/javaPruebas/Digitech/Trimestre3/ProyectoProgramacion/turnos/proyecto/target/classes:/Users/ivonne/.m2/repository/junit/junit/4.11/junit-4.11.jar:/Users/ivonne/.m2/repository/org/hamcrest/hamcrest-core/1.3/hamcrest-core-1.3.jar:/Users/ivonne/.m2/repository/com/mysql/mysql-connector-j/8.0.33/mysql-connector-j-8.0.33.jar:/Users/ivonne/.m2/repository/com/google/protobuf/protobuf-java/3.21.9/protobuf-java-3.21.9.jar:/Users/ivonne/.m2/repository/com/toedter/jcalendar/1.4/jcalendar-1.4.jar:/Users/ivonne/.m2/repository/com/google/code/gson/gson/2.8.9/gson-2.8.9.jar:"/>
    <property name="java.vm.vendor" value="Eclipse Adoptium"/>
    <property name="sun.arch.data.model" value="64"/>
    <property name="java.vendor.url" value="https://adoptium.net/"/>
    <property name="os.name" value="Mac OS X"/>
    <property name="java.vm.specification.version" value="22"/>
    <property name="sun.java.launcher" value="SUN_STANDARD"/>
    <property name="user.country" value="CO"/>
    <property name="sun.boot.library.path" value="/Library/Java/JavaVirtualMachines/temurin-22.jdk/Contents/Home/lib"/>
    <property name="sun.java.command" value="/Users/ivonne/Library/Mobile Documents/com~apple~CloudDocs/Archivos-Base/javaPruebas/Digitech/Trimestre3/ProyectoProgramacion/turnos/proyecto/target/surefire/surefirebooter9054587533991498724.jar /Users/ivonne/Library/Mobile Documents/com~apple~CloudDocs/Archivos-Base/javaPruebas/Digitech/Trimestre3/ProyectoProgramacion/turnos/proyecto/target/surefire 2024-05-20T19-24-04_817-jvmRun1 surefire3055424209729629128tmp surefire_08263523580143448010tmp"/>
    <property name="http.nonProxyHosts" value="local|*.local|169.254/16|*.169.254/16"/>
    <property name="jdk.debug" value="release"/>
    <property name="surefire.test.class.path" value="/Users/ivonne/Library/Mobile Documents/com~apple~CloudDocs/Archivos-Base/javaPruebas/Digitech/Trimestre3/ProyectoProgramacion/turnos/proyecto/target/test-classes:/Users/ivonne/Library/Mobile Documents/com~apple~CloudDocs/Archivos-Base/javaPruebas/Digitech/Trimestre3/ProyectoProgramacion/turnos/proyecto/target/classes:/Users/ivonne/.m2/repository/junit/junit/4.11/junit-4.11.jar:/Users/ivonne/.m2/repository/org/hamcrest/hamcrest-core/1.3/hamcrest-core-1.3.jar:/Users/ivonne/.m2/repository/com/mysql/mysql-connector-j/8.0.33/mysql-connector-j-8.0.33.jar:/Users/ivonne/.m2/repository/com/google/protobuf/protobuf-java/3.21.9/protobuf-java-3.21.9.jar:/Users/ivonne/.m2/repository/com/toedter/jcalendar/1.4/jcalendar-1.4.jar:/Users/ivonne/.m2/repository/com/google/code/gson/gson/2.8.9/gson-2.8.9.jar:"/>
    <property name="sun.cpu.endian" value="little"/>
    <property name="user.home" value="/Users/ivonne"/>
    <property name="user.language" value="es"/>
    <property name="java.specification.vendor" value="Oracle Corporation"/>
    <property name="java.version.date" value="2024-04-16"/>
    <property name="java.home" value="/Library/Java/JavaVirtualMachines/temurin-22.jdk/Contents/Home"/>
    <property name="file.separator" value="/"/>
    <property name="basedir" value="/Users/ivonne/Library/Mobile Documents/com~apple~CloudDocs/Archivos-Base/javaPruebas/Digitech/Trimestre3/ProyectoProgramacion/turnos/proyecto"/>
    <property name="java.vm.compressedOopsMode" value="Zero based"/>
    <property name="line.separator" value="&#10;"/>
    <property name="java.vm.specification.vendor" value="Oracle Corporation"/>
    <property name="java.specification.name" value="Java Platform API Specification"/>
    <property name="apple.awt.application.name" value="ForkedBooter"/>
    <property name="surefire.real.class.path" value="/Users/ivonne/Library/Mobile Documents/com~apple~CloudDocs/Archivos-Base/javaPruebas/Digitech/Trimestre3/ProyectoProgramacion/turnos/proyecto/target/surefire/surefirebooter9054587533991498724.jar"/>
    <property name="sun.management.compiler" value="HotSpot 64-Bit Tiered Compilers"/>
    <property name="ftp.nonProxyHosts" value="local|*.local|169.254/16|*.169.254/16"/>
    <property name="java.runtime.version" value="22.0.1+8"/>
    <property name="user.name" value="ivonne"/>
    <property name="stdout.encoding" value="UTF-8"/>
    <property name="path.separator" value=":"/>
    <property name="os.version" value="14.4.1"/>
    <property name="java.runtime.name" value="OpenJDK Runtime Environment"/>
    <property name="file.encoding" value="UTF-8"/>
    <property name="java.vm.name" value="OpenJDK 64-Bit Server VM"/>
    <property name="java.vendor.version" value="Temurin-22.0.1+8"/>
    <property name="localRepository" value="/Users/ivonne/.m2/repository"/>
    <property name="java.vendor.url.bug" value="https://github.com/adoptium/adoptium-support/issues"/>
    <property name="java.io.tmpdir" value="/var/folders/hp/1x6t72cx7d51kxj3861xgsvh0000gn/T/"/>
    <property name="java.version" value="22.0.1"/>
    <property name="user.dir" value="/Users/ivonne/Library/Mobile Documents/com~apple~CloudDocs/Archivos-Base/javaPruebas/Digitech/Trimestre3/ProyectoProgramacion/turnos/proyecto"/>
    <property name="os.arch" value="aarch64"/>
    <property name="java.vm.specification.name" value="Java Virtual Machine Specification"/>
    <property name="native.encoding" value="UTF-8"/>
    <property name="java.library.path" value="/Users/ivonne/Library/Java/Extensions:/Library/Java/Extensions:/Network/Library/Java/Extensions:/System/Library/Java/Extensions:/usr/lib/java:."/>
    <property name="java.vm.info" value="mixed mode"/>
    <property name="stderr.encoding" value="UTF-8"/>
    <property name="java.vendor" value="Eclipse Adoptium"/>
    <property name="java.vm.version" value="22.0.1+8"/>
    <property name="sun.io.unicode.encoding" value="UnicodeBig"/>
    <property name="socksNonProxyHosts" value="local|*.local|169.254/16|*.169.254/16"/>
    <property name="java.class.version" value="66.0"/>
  </properties>
  <testcase name="shouldAnswerWithTrue" classname="com.turnos.AppTest" time="0.002"/>
</testsuite>